


 ########  #          ######   #           #
 #         #         #      #   #         # 
 #####     #         #      #    #   #   #  
 #         #         #      #     # # # #   
 #         #######    ######       #   #    

Flow is a simulator for fully implicit three-phase black-oil flow, and is part of OPM.
For more information visit: https://opm-project.org 

Flow Version     =  2023.04-pre (fe7da5626)
Machine name     =  dell (Number of logical cores: 4, Memory size: 15899.09 MB) 
Operating system =  Linux x86_64 (Kernel: 6.0.6-76060006-generic, #202210290932~1667401208~22.04~d2df702 SMP PREEMPT_DYNAMIC Wed N )
Build time       =  2022-11-28 at 17:05:43 hrs
User             =  ebueno
Simulation started on 29-11-2022 at 15:22:33 hrs
Parameters used by Flow:
# [known parameters which were specified at run-time]
EclDeckFileName="BL0CP0IMG0KR0KZ0PV0TD0WO0.DATA" # default: ""
OutputDir="sim_output" # default: ""
# [parameters which were specified at compile-time]
AcceleratorMode="none"
AllowDistributedWells="0"
AlternativeWellRateInit="1"
BdaDeviceId="0"
ContinueOnConvergenceError="0"
CprMaxEllIter="20"
CprReuseInterval="10"
CprReuseSetup="3"
DbhpMaxRel="1"
DpMaxRel="0.3"
DsMax="0.2"
DwellFractionMax="0.2"
EclEnableDriftCompensation="1"
EclEnableTuning="0"
EclMaxTimeStepSizeAfterWellEvent="3.15576e+07"
EclNewtonRelaxedTolerance="1e+09"
EclNewtonRelaxedVolumeFraction="0.03"
EclNewtonStrictIterations="8"
EclNewtonSumTolerance="0.0001"
EclNewtonSumToleranceExponent="0.333333"
EclOutputDoublePrecision="0"
EclOutputInterval="-1"
EclRestartShrinkFactor="3"
EclStrictParsing="0"
EdgeWeightsMethod="1"
EnableAdaptiveTimeStepping="1"
EnableAsyncEclOutput="1"
EnableAsyncVtkOutput="1"
EnableDryRun="auto"
EnableEclOutput="1"
EnableEsmry="0"
EnableGravity="1"
EnableGridAdaptation="0"
EnableIntensiveQuantityCache="1"
EnableLoggingFalloutWarning="0"
EnableOpmRstFile="0"
EnableStorageCache="1"
EnableTerminalOutput="1"
EnableThermodynamicHints="0"
EnableTuning="0"
EnableVtkOutput="0"
EnableWellOperabilityCheck="1"
EnableWellOperabilityCheckIter="0"
EnableWriteAllSolutions="0"
EndTime="1e+100"
ForceDisableFluidInPlaceOutput="0"
ForceDisableResvFluidInPlaceOutput="0"
FullTimeStepInitially="0"
IgnoreKeywords=""
IluFillinLevel="0"
IluRedblack="0"
IluRelaxation="0.9"
IluReorderSpheres="0"
InitialTimeStepInDays="1"
InitialTimeStepSize="86400"
LinearSolver="ilu0"
LinearSolverIgnoreConvergenceFailure="0"
LinearSolverMaxIter="200"
LinearSolverReduction="0.01"
LinearSolverRestart="40"
LinearSolverVerbosity="0"
MatrixAddWellContributions="0"
MaxInnerIterMsWells="100"
MaxInnerIterWells="50"
MaxNewtonIterationsWithInnerWellIterations="8"
MaxPressureChangeMsWells="1e+06"
MaxResidualAllowed="1e+07"
MaxSinglePrecisionDays="20"
MaxTemperatureChange="5"
MaxTimeStepDivisions="10"
MaxTimeStepSize="inf"
MaxWelleqIter="30"
MaximumNumberOfWellSwitches="3"
MiluVariant="ILU"
MinStrictCnvIter="0"
MinTimeStepBasedOnNewtonIterations="0"
MinTimeStepBeforeShuttingProblematicWellsInDays="0.01"
MinTimeStepSize="0"
NewtonMaxError="1e+10"
NewtonMaxIterations="20"
NewtonMaxRelax="0.5"
NewtonMinIterations="1"
NewtonRelaxationType="dampen"
NewtonTargetIterations="6"
NewtonTolerance="0.01"
NewtonVerbose="1"
NewtonWriteConvergence="0"
OpenclIluParallel="1"
OpenclPlatformId="0"
OutputInterval="1"
OutputMode="all"
OwnerCellsFirst="1"
ParameterFile=""
PredeterminedTimeStepsFile=""
PriVarOscilationThreshold="1e-05"
PrintParameters="2"
PrintProperties="2"
ProjectSaturations="0"
RegularizationFactorWells="100"
RelaxedMaxPvFraction="0.03"
RelaxedPressureTolMsw="10000"
RelaxedWellFlowTol="0.001"
RestartTime="-1e+35"
RestartWritingInterval="16777215"
ScaleLinearSystem="0"
SchedRestart="0"
SerialPartitioning="0"
ShutUnsolvableWells="1"
SolveWelleqInitially="1"
SolverContinueOnConvergenceFailure="0"
SolverGrowthFactor="2"
SolverMaxGrowth="3"
SolverMaxRestarts="10"
SolverMaxTimeStepInDays="365"
SolverMinTimeStep="1e-12"
SolverRestartFactor="0.33"
SolverVerbosity="1"
StrictInnerIterWells="40"
StrictOuterIterWells="6"
TemperatureMax="1e+09"
TemperatureMin="0"
ThreadsPerProcess="-1"
TimeStepAfterEventInDays="-1"
TimeStepControl="pid+newtoniteration"
TimeStepControlDecayDampingFactor="1"
TimeStepControlDecayRate="0.75"
TimeStepControlFileName="timesteps"
TimeStepControlGrowthDampingFactor="3.2"
TimeStepControlGrowthRate="1.25"
TimeStepControlTargetIterations="30"
TimeStepControlTargetNewtonIterations="8"
TimeStepControlTolerance="0.1"
TimeStepVerbosity="1"
ToleranceCnv="0.01"
ToleranceCnvRelaxed="1"
ToleranceMb="1e-06"
TolerancePressureMsWells="1000"
ToleranceWellControl="1e-07"
ToleranceWells="0.0001"
UpdateEquationsScaling="0"
UseGmres="0"
UseMultisegmentWell="1"
UseUpdateStabilization="1"
VtkWriteAverageMolarMasses="0"
VtkWriteDensities="1"
VtkWriteDiffusionCoefficients="0"
VtkWriteDofIndex="0"
VtkWriteEclTracerConcentration="0"
VtkWriteEffectiveDiffusionCoefficients="0"
VtkWriteExtrusionFactor="0"
VtkWriteFilterVelocities="0"
VtkWriteFugacities="0"
VtkWriteFugacityCoeffs="0"
VtkWriteGasDissolutionFactor="0"
VtkWriteGasFormationVolumeFactor="0"
VtkWriteGasSaturationPressure="0"
VtkWriteIntrinsicPermeabilities="0"
VtkWriteMassFractions="0"
VtkWriteMobilities="0"
VtkWriteMolarities="0"
VtkWriteMoleFractions="1"
VtkWriteOilFormationVolumeFactor="0"
VtkWriteOilSaturationPressure="0"
VtkWriteOilVaporizationFactor="0"
VtkWritePorosity="1"
VtkWritePotentialGradients="0"
VtkWritePressures="1"
VtkWritePrimaryVars="0"
VtkWritePrimaryVarsMeaning="0"
VtkWriteProcessRank="0"
VtkWriteRelativePermeabilities="1"
VtkWriteSaturatedGasOilVaporizationFactor="0"
VtkWriteSaturatedOilGasDissolutionFactor="0"
VtkWriteSaturationRatios="0"
VtkWriteSaturations="1"
VtkWriteTemperature="1"
VtkWriteTortuosities="0"
VtkWriteTotalMassFractions="0"
VtkWriteTotalMoleFractions="0"
VtkWriteViscosities="0"
VtkWriteWaterFormationVolumeFactor="0"
ZoltanImbalanceTol="1.1"
ZoltanParams="graph"

Reading deck file 'BL0CP0IMG0KR0KZ0PV0TD0WO0.DATA'
    0 Reading RUNSPEC  in BL0CP0IMG0KR0KZ0PV0TD0WO0.DATA line 1
    1 Reading TITLE    in /home/ebueno/src/phd/models-cepetro/U1D-E100/RUNSPEC.INC line 1
    2 Reading START    in /home/ebueno/src/phd/models-cepetro/U1D-E100/RUNSPEC.INC line 4
    3 Reading DISGAS   in /home/ebueno/src/phd/models-cepetro/U1D-E100/RUNSPEC.INC line 7
    4 Reading WATER    in /home/ebueno/src/phd/models-cepetro/U1D-E100/RUNSPEC.INC line 8
    5 Reading OIL      in /home/ebueno/src/phd/models-cepetro/U1D-E100/RUNSPEC.INC line 9
    6 Reading GAS      in /home/ebueno/src/phd/models-cepetro/U1D-E100/RUNSPEC.INC line 10
    7 Reading METRIC   in /home/ebueno/src/phd/models-cepetro/U1D-E100/RUNSPEC.INC line 12
    8 Reading UNIFOUT  in /home/ebueno/src/phd/models-cepetro/U1D-E100/RUNSPEC.INC line 14
    9 Reading DIMENS   in /home/ebueno/src/phd/models-cepetro/U1D-E100/RUNSPEC.INC line 16
   10 Reading TABDIMS  in /home/ebueno/src/phd/models-cepetro/U1D-E100/RUNSPEC.INC line 19
   11 Reading EQLDIMS  in /home/ebueno/src/phd/models-cepetro/U1D-E100/RUNSPEC.INC line 22
   12 Reading WELLDIMS in /home/ebueno/src/phd/models-cepetro/U1D-E100/RUNSPEC.INC line 25
   13 Reading UDQDIMS  in /home/ebueno/src/phd/models-cepetro/U1D-E100/RUNSPEC.INC line 28
   14 Reading FAULTDIM in /home/ebueno/src/phd/models-cepetro/U1D-E100/RUNSPEC.INC line 31
   15 Reading GRIDOPTS in /home/ebueno/src/phd/models-cepetro/U1D-E100/RUNSPEC.INC line 34
   16 Reading NOINSPEC in /home/ebueno/src/phd/models-cepetro/U1D-E100/RUNSPEC.INC line 37
   17 Reading GRID     in BL0CP0IMG0KR0KZ0PV0TD0WO0.DATA line 5
   18 Reading SPECGRID in /home/ebueno/src/phd/models-cepetro/U1D-E100/GRID.INC line 1
   19 Reading COORD    in /home/ebueno/src/phd/models-cepetro/U1D-E100/GRID.INC line 3
   20 Reading ZCORN    in /home/ebueno/src/phd/models-cepetro/U1D-E100/GRID.INC line 4843
   21 Reading FAULTS   in /home/ebueno/src/phd/models-cepetro/U1D-E100/GRID.INC line 130125
   22 Reading MULTFLT  in /home/ebueno/src/phd/models-cepetro/U1D-E100/GRID.INC line 130156
   23 Reading PINCHNUM in /home/ebueno/src/phd/models-cepetro/U1D-E100/GRID.INC line 130160

Error: Unrecoverable errors while loading input: Problem with keyword PINCHREG
In /home/ebueno/src/phd/models-cepetro/U1D-E100/GRID.INC line 130300
Keyword is not properly terminated.


Error summary:
Warnings          0
Info              25
Errors            1
Bugs              0
Debug             0
Problems          0

